<?xml version="1.0" ?>
<!DOCTYPE coverage SYSTEM "http://cobertura.sourceforge.net/xml/coverage-04.dtd">
<coverage lines-valid="100" lines-covered="87" line-rate="0.87" branches-valid="22" branches-covered="21" branch-rate="0.9545" timestamp="1650563066704" complexity="0" version="0.1">
  <sources>
    <source>/Users/lazzarin/Documents/Entrevistas/Telecom/code/weatherApp-service</source>
  </sources>
  <packages>
    <package name="src" line-rate="1" branch-rate="1">
      <classes>
        <class name="app.js" filename="src/app.js" line-rate="1" branch-rate="1">
          <methods>
          </methods>
          <lines>
            <line number="1" hits="3" branch="false"/>
            <line number="2" hits="3" branch="false"/>
            <line number="3" hits="3" branch="false"/>
            <line number="4" hits="3" branch="false"/>
            <line number="7" hits="3" branch="false"/>
            <line number="8" hits="3" branch="false"/>
            <line number="10" hits="3" branch="false"/>
            <line number="11" hits="3" branch="false"/>
            <line number="13" hits="3" branch="false"/>
            <line number="15" hits="3" branch="false"/>
          </lines>
        </class>
      </classes>
    </package>
    <package name="src.config" line-rate="1" branch-rate="1">
      <classes>
        <class name="index.js" filename="src/config/index.js" line-rate="1" branch-rate="1">
          <methods>
          </methods>
          <lines>
            <line number="1" hits="4" branch="false"/>
            <line number="3" hits="4" branch="false"/>
          </lines>
        </class>
      </classes>
    </package>
    <package name="src.model" line-rate="1" branch-rate="1">
      <classes>
        <class name="customError.js" filename="src/model/customError.js" line-rate="1" branch-rate="1">
          <methods>
            <method name="(anonymous_0)" hits="5" signature="()V">
              <lines>
                <line number="2" hits="5"/>
              </lines>
            </method>
          </methods>
          <lines>
            <line number="3" hits="5" branch="false"/>
            <line number="5" hits="5" branch="false"/>
            <line number="7" hits="5" branch="true" condition-coverage="100% (2/2)"/>
            <line number="8" hits="5" branch="true" condition-coverage="100% (2/2)"/>
            <line number="9" hits="5" branch="true" condition-coverage="100% (2/2)"/>
            <line number="13" hits="5" branch="false"/>
          </lines>
        </class>
      </classes>
    </package>
    <package name="src.routes" line-rate="1" branch-rate="1">
      <classes>
        <class name="healthcheck.js" filename="src/routes/healthcheck.js" line-rate="1" branch-rate="1">
          <methods>
            <method name="(anonymous_0)" hits="1" signature="()V">
              <lines>
                <line number="3" hits="1"/>
              </lines>
            </method>
          </methods>
          <lines>
            <line number="1" hits="3" branch="false"/>
            <line number="3" hits="3" branch="false"/>
            <line number="4" hits="1" branch="false"/>
            <line number="7" hits="3" branch="false"/>
          </lines>
        </class>
        <class name="index.js" filename="src/routes/index.js" line-rate="1" branch-rate="1">
          <methods>
            <method name="(anonymous_0)" hits="1" signature="()V">
              <lines>
                <line number="8" hits="1"/>
              </lines>
            </method>
          </methods>
          <lines>
            <line number="1" hits="3" branch="false"/>
            <line number="3" hits="3" branch="false"/>
            <line number="4" hits="3" branch="false"/>
            <line number="5" hits="3" branch="false"/>
            <line number="7" hits="3" branch="false"/>
            <line number="8" hits="3" branch="false"/>
            <line number="9" hits="3" branch="false"/>
            <line number="11" hits="3" branch="false"/>
          </lines>
        </class>
        <class name="weather.js" filename="src/routes/weather.js" line-rate="1" branch-rate="1">
          <methods>
          </methods>
          <lines>
            <line number="1" hits="3" branch="false"/>
            <line number="2" hits="3" branch="false"/>
            <line number="4" hits="3" branch="false"/>
            <line number="5" hits="3" branch="false"/>
            <line number="6" hits="3" branch="false"/>
            <line number="7" hits="3" branch="false"/>
            <line number="9" hits="3" branch="false"/>
          </lines>
        </class>
      </classes>
    </package>
    <package name="src.services" line-rate="0.7317" branch-rate="1">
      <classes>
        <class name="weather.js" filename="src/services/weather.js" line-rate="0.7317" branch-rate="1">
          <methods>
            <method name="getClientLatitudeAndLogitude" hits="2" signature="()V">
              <lines>
                <line number="6" hits="2"/>
              </lines>
            </method>
            <method name="getCurrentWeather" hits="2" signature="()V">
              <lines>
                <line number="12" hits="2"/>
              </lines>
            </method>
            <method name="(anonymous_2)" hits="0" signature="()V">
              <lines>
                <line number="20" hits="0"/>
              </lines>
            </method>
            <method name="(anonymous_3)" hits="2" signature="()V">
              <lines>
                <line number="43" hits="2"/>
              </lines>
            </method>
            <method name="getForecastWeather" hits="2" signature="()V">
              <lines>
                <line number="57" hits="2"/>
              </lines>
            </method>
            <method name="(anonymous_5)" hits="0" signature="()V">
              <lines>
                <line number="65" hits="0"/>
              </lines>
            </method>
            <method name="(anonymous_6)" hits="0" signature="()V">
              <lines>
                <line number="67" hits="0"/>
              </lines>
            </method>
            <method name="(anonymous_7)" hits="2" signature="()V">
              <lines>
                <line number="89" hits="2"/>
              </lines>
            </method>
            <method name="getCurrentWeatherForCity" hits="2" signature="()V">
              <lines>
                <line number="103" hits="2"/>
              </lines>
            </method>
            <method name="getForecastWeatherForCity" hits="2" signature="()V">
              <lines>
                <line number="124" hits="2"/>
              </lines>
            </method>
          </methods>
          <lines>
            <line number="1" hits="3" branch="false"/>
            <line number="2" hits="3" branch="false"/>
            <line number="4" hits="3" branch="false"/>
            <line number="7" hits="2" branch="false"/>
            <line number="9" hits="2" branch="false"/>
            <line number="13" hits="2" branch="true" condition-coverage="100% (4/4)"/>
            <line number="15" hits="2" branch="false"/>
            <line number="17" hits="2" branch="false"/>
            <line number="19" hits="2" branch="false"/>
            <line number="21" hits="0" branch="false"/>
            <line number="26" hits="0" branch="false"/>
            <line number="27" hits="0" branch="false"/>
            <line number="29" hits="0" branch="false"/>
            <line number="44" hits="2" branch="false"/>
            <line number="51" hits="2" branch="false"/>
            <line number="58" hits="2" branch="true" condition-coverage="100% (4/4)"/>
            <line number="60" hits="2" branch="false"/>
            <line number="62" hits="2" branch="false"/>
            <line number="64" hits="2" branch="false"/>
            <line number="66" hits="0" branch="false"/>
            <line number="67" hits="0" branch="false"/>
            <line number="68" hits="0" branch="false"/>
            <line number="69" hits="0" branch="false"/>
            <line number="70" hits="0" branch="false"/>
            <line number="72" hits="0" branch="false"/>
            <line number="84" hits="0" branch="false"/>
            <line number="90" hits="2" branch="false"/>
            <line number="97" hits="2" branch="false"/>
            <line number="104" hits="2" branch="false"/>
            <line number="106" hits="2" branch="false"/>
            <line number="108" hits="2" branch="true" condition-coverage="100% (2/2)"/>
            <line number="109" hits="1" branch="false"/>
            <line number="115" hits="1" branch="false"/>
            <line number="121" hits="1" branch="false"/>
            <line number="125" hits="2" branch="false"/>
            <line number="127" hits="2" branch="false"/>
            <line number="129" hits="2" branch="true" condition-coverage="100% (2/2)"/>
            <line number="130" hits="1" branch="false"/>
            <line number="136" hits="1" branch="false"/>
            <line number="142" hits="1" branch="false"/>
            <line number="145" hits="3" branch="false"/>
          </lines>
        </class>
      </classes>
    </package>
    <package name="src.utils" line-rate="0.909" branch-rate="0.75">
      <classes>
        <class name="locationResolvers.js" filename="src/utils/locationResolvers.js" line-rate="0.909" branch-rate="0.75">
          <methods>
            <method name="getClientLocation" hits="3" signature="()V">
              <lines>
                <line number="6" hits="3"/>
              </lines>
            </method>
            <method name="(anonymous_1)" hits="3" signature="()V">
              <lines>
                <line number="10" hits="3"/>
              </lines>
            </method>
            <method name="(anonymous_2)" hits="0" signature="()V">
              <lines>
                <line number="16" hits="0"/>
              </lines>
            </method>
            <method name="getCityLatitudeAndLogitude" hits="7" signature="()V">
              <lines>
                <line number="27" hits="7"/>
              </lines>
            </method>
            <method name="(anonymous_4)" hits="7" signature="()V">
              <lines>
                <line number="33" hits="7"/>
              </lines>
            </method>
            <method name="(anonymous_5)" hits="6" signature="()V">
              <lines>
                <line number="37" hits="6"/>
              </lines>
            </method>
            <method name="(anonymous_6)" hits="4" signature="()V">
              <lines>
                <line number="52" hits="4"/>
              </lines>
            </method>
          </methods>
          <lines>
            <line number="1" hits="4" branch="false"/>
            <line number="2" hits="4" branch="false"/>
            <line number="4" hits="4" branch="false"/>
            <line number="7" hits="3" branch="false"/>
            <line number="9" hits="3" branch="false"/>
            <line number="11" hits="3" branch="false"/>
            <line number="17" hits="0" branch="false"/>
            <line number="24" hits="3" branch="false"/>
            <line number="28" hits="7" branch="false"/>
            <line number="30" hits="7" branch="false"/>
            <line number="32" hits="7" branch="false"/>
            <line number="34" hits="7" branch="true" condition-coverage="50% (1/2)"/>
            <line number="35" hits="0" branch="false"/>
            <line number="36" hits="6" branch="true" condition-coverage="100% (2/2)"/>
            <line number="37" hits="3" branch="false"/>
            <line number="38" hits="6" branch="false"/>
            <line number="40" hits="3" branch="false"/>
            <line number="43" hits="3" branch="false"/>
            <line number="44" hits="3" branch="false"/>
            <line number="53" hits="4" branch="false"/>
            <line number="60" hits="7" branch="false"/>
            <line number="63" hits="4" branch="false"/>
          </lines>
        </class>
      </classes>
    </package>
  </packages>
</coverage>
